java.io.EOFException
	at java.base/java.io.ObjectInputStream$BlockDataInputStream.peekByte(Unknown Source)
	at java.base/java.io.ObjectInputStream.readObject0(Unknown Source)
	at java.base/java.io.ObjectInputStream.readObject(Unknown Source)
	at java.base/java.io.ObjectInputStream.readObject(Unknown Source)
	at plugin.PluginRepository.Init(PluginRepository.java:65)
	at rt4.client.mainInit(client.java:1027)
	at rt4.GameShell.run(GameShell.java:610)
	at java.base/java.lang.Thread.run(Unknown Source)
java.io.EOFException
	at java.base/java.io.ObjectInputStream$BlockDataInputStream.peekByte(Unknown Source)
	at java.base/java.io.ObjectInputStream.readObject0(Unknown Source)
	at java.base/java.io.ObjectInputStream.readObject(Unknown Source)
	at java.base/java.io.ObjectInputStream.readObject(Unknown Source)
	at plugin.PluginRepository.Init(PluginRepository.java:65)
	at plugin.PluginRepository.reloadPlugins(PluginRepository.java:50)
	at rt4.DisplayMode.setWindowMode(DisplayMode.java:239)
	at rt4.DisplayMode.setWindowMode(DisplayMode.java:62)
	at rt4.client.mainLoad(client.java:1572)
	at rt4.client.mainLoop(client.java:1613)
	at rt4.GameShell.mainLoopWrapper(GameShell.java:471)
	at rt4.GameShell.run(GameShell.java:626)
	at java.base/java.lang.Thread.run(Unknown Source)
